1590127303 | index.php | /index.php
1590127321 | index.php | /index.php?id=log
1590127343 | index.php?id=log | /index.php
1590127343 | index.php | /index.php?id=contact
1590127344 | index.php?id=contact | /index.php?id=about
1590127344 | index.php?id=about | /index.php?id=log
1590127391 | index.php?id=about | /index.php?id=log
1590127415 | index.php | /index.php
1590127475 |  | /
1590127483 | index.php | /index.php
1590127484 | index.php | /index.php?id=log
1590127570 |  | /
1590127572 | moiseenko | /index.php?id=log
1590215792 |  | /
1590215793 | moiseenko | /index.php?id=gbook
1590215879 | moiseenko | /index.php?id=gbook
1590215907 | moiseenko | /index.php?id=gbook
1590215929 | index.php?id=gbook | /index.php?id=gbook
1590216046 |  | /
1590216048 | moiseenko | /index.php?id=gbook
1590216058 | index.php?id=gbook | /index.php?id=gbook
1590216142 | index.php?id=gbook | /index.php?id=gbook
1590216190 | index.php?id=gbook | /index.php?id=gbook
1590216324 | index.php?id=gbook | /index.php?id=gbook
1590216343 | index.php?id=gbook | /index.php?id=gbook
1590216479 | index.php?id=gbook | /index.php?id=gbook
1590216499 | index.php?id=gbook | /index.php?id=gbook
1590217479 |  | /
1590217480 | moiseenko | /index.php?id=gbook
1590217481 | moiseenko | /index.php?id=gbook
1590217692 | index.php?id=gbook | /index.php?id=gbook
1590217698 | index.php?id=gbook | /index.php?id=gbook
1590217706 | index.php?id=gbook | /index.php?id=gbook
1590217739 | index.php?id=gbook | /index.php?id=gbook
1590221340 | index.php?id=gbook | /index.php?id=gbook
1590221370 | index.php?id=gbook | /index.php?id=gbook
1590221442 | index.php?id=gbook | /index.php?id=gbook
1590221458 | index.php?id=gbook | /index.php?id=gbook
1590221474 | index.php?id=gbook | /index.php?id=gbook
1590221474 | index.php?id=gbook | /index.php?id=gbook
1590221478 | index.php?id=gbook | /index.php?id=gbook
1590221487 | index.php?id=gbook | /index.php?id=gbook%20&del=3
1590221488 | index.php?id=gbook%20&del=3 | /index.php?id=gbook%20&del=3%20&del=12
1590221489 | index.php?id=gbook%20&del=3%20&del=12 | /index.php?id=gbook%20&del=3%20&del=12%20&del=13
1590221493 | index.php?id=gbook%20&del=3%20&del=12%20&del=13 | /index.php?id=gbook%20&del=3%20&del=12%20&del=13%20&del=11
1590221494 | index.php?id=gbook%20&del=3%20&del=12%20&del=13%20&del=11 | /index.php?id=gbook%20&del=3%20&del=12%20&del=13%20&del=11%20&del=15
1590221495 | index.php?id=gbook%20&del=3%20&del=12%20&del=13%20&del=11%20&del=15 | /index.php?id=gbook%20&del=3%20&del=12%20&del=13%20&del=11%20&del=15%20&del=15
1590221496 | index.php?id=gbook%20&del=3%20&del=12%20&del=13%20&del=11%20&del=15%20&del=15 | /index.php?id=gbook%20&del=3%20&del=12%20&del=13%20&del=11%20&del=15%20&del=15%20&del=15
1590221498 | index.php?id=gbook%20&del=3%20&del=12%20&del=13%20&del=11%20&del=15%20&del=15%20&del=15 | /index.php?id=gbook%20&del=3%20&del=12%20&del=13%20&del=11%20&del=15%20&del=15%20&del=15%20&del=12
1590221500 | index.php?id=gbook%20&del=3%20&del=12%20&del=13%20&del=11%20&del=15%20&del=15%20&del=15%20&del=12 | /index.php?id=gbook%20&del=3%20&del=12%20&del=13%20&del=11%20&del=15%20&del=15%20&del=15%20&del=12%20&del=14
1590221502 | index.php?id=gbook%20&del=3%20&del=12%20&del=13%20&del=11%20&del=15%20&del=15%20&del=15%20&del=12%20&del=14 | /index.php?id=gbook%20&del=3%20&del=12%20&del=13%20&del=11%20&del=15%20&del=15%20&del=15%20&del=12%20&del=14%20&del=9
1590221504 | index.php?id=gbook%20&del=3%20&del=12%20&del=13%20&del=11%20&del=15%20&del=15%20&del=15%20&del=12%20&del=14%20&del=9 | /index.php?id=gbook%20&del=3%20&del=12%20&del=13%20&del=11%20&del=15%20&del=15%20&del=15%20&del=12%20&del=14%20&del=9%20&del=10
1590221599 | index.php?id=gbook%20&del=3%20&del=12%20&del=13%20&del=11%20&del=15%20&del=15%20&del=15%20&del=12%20&del=14%20&del=9 | /index.php?id=gbook%20&del=3%20&del=12%20&del=13%20&del=11%20&del=15%20&del=15%20&del=15%20&del=12%20&del=14%20&del=9%20&del=10
1590221620 | index.php?id=gbook%20&del=3%20&del=12%20&del=13%20&del=11%20&del=15%20&del=15%20&del=15%20&del=12%20&del=14%20&del=9 | /index.php?id=gbook%20&del=3%20&del=12%20&del=13%20&del=11%20&del=15%20&del=15%20&del=15%20&del=12%20&del=14%20&del=9%20&del=10
1590221620 | index.php?id=gbook%20&del=3%20&del=12%20&del=13%20&del=11%20&del=15%20&del=15%20&del=15%20&del=12%20&del=14%20&del=9 | /index.php?id=gbook%20&del=3%20&del=12%20&del=13%20&del=11%20&del=15%20&del=15%20&del=15%20&del=12%20&del=14%20&del=9%20&del=10
1590221621 | index.php?id=gbook%20&del=3%20&del=12%20&del=13%20&del=11%20&del=15%20&del=15%20&del=15%20&del=12%20&del=14%20&del=9 | /index.php?id=gbook%20&del=3%20&del=12%20&del=13%20&del=11%20&del=15%20&del=15%20&del=15%20&del=12%20&del=14%20&del=9%20&del=10
1590221734 | index.php?id=gbook%20&del=3%20&del=12%20&del=13%20&del=11%20&del=15%20&del=15%20&del=15%20&del=12%20&del=14%20&del=9 | /index.php?id=gbook%20&del=3%20&del=12%20&del=13%20&del=11%20&del=15%20&del=15%20&del=15%20&del=12%20&del=14%20&del=9%20&del=10
1590221819 | index.php?id=gbook%20&del=3%20&del=12%20&del=13%20&del=11%20&del=15%20&del=15%20&del=15%20&del=12%20&del=14%20&del=9 | /index.php?id=gbook%20&del=3%20&del=12%20&del=13%20&del=11%20&del=15%20&del=15%20&del=15%20&del=12%20&del=14%20&del=9%20&del=10
1590221821 | index.php?id=gbook%20&del=3%20&del=12%20&del=13%20&del=11%20&del=15%20&del=15%20&del=15%20&del=12%20&del=14%20&del=9 | /index.php?id=gbook%20&del=3%20&del=12%20&del=13%20&del=11%20&del=15%20&del=15%20&del=15%20&del=12%20&del=14%20&del=9%20&del=10
1590221822 | index.php?id=gbook%20&del=3%20&del=12%20&del=13%20&del=11%20&del=15%20&del=15%20&del=15%20&del=12%20&del=14%20&del=9 | /index.php?id=gbook%20&del=3%20&del=12%20&del=13%20&del=11%20&del=15%20&del=15%20&del=15%20&del=12%20&del=14%20&del=9%20&del=10
1590221824 | index.php?id=gbook%20&del=3%20&del=12%20&del=13%20&del=11%20&del=15%20&del=15%20&del=15%20&del=12%20&del=14%20&del=9 | /index.php?id=gbook%20&del=3%20&del=12%20&del=13%20&del=11%20&del=15%20&del=15%20&del=15%20&del=12%20&del=14%20&del=9%20&del=10
1590221835 | index.php?id=gbook%20&del=3%20&del=12%20&del=13%20&del=11%20&del=15%20&del=15%20&del=15%20&del=12%20&del=14%20&del=9 | /index.php?id=gbook%20&del=3%20&del=12%20&del=13%20&del=11%20&del=15%20&del=15%20&del=15%20&del=12%20&del=14%20&del=9%20&del=10
1590221840 | index.php?id=gbook%20&del=3%20&del=12%20&del=13%20&del=11%20&del=15%20&del=15%20&del=15%20&del=12%20&del=14%20&del=9%20&del=10 | /index.php?id=gbook%20&del=3%20&del=12%20&del=13%20&del=11%20&del=15%20&del=15%20&del=15%20&del=12%20&del=14%20&del=9%20&del=10
1590221862 | index.php?id=gbook%20&del=3%20&del=12%20&del=13%20&del=11%20&del=15%20&del=15%20&del=15%20&del=12%20&del=14%20&del=9%20&del=10 | /index.php?id=gbook%20&del=3%20&del=12%20&del=13%20&del=11%20&del=15%20&del=15%20&del=15%20&del=12%20&del=14%20&del=9%20&del=10
1590221863 | index.php?id=gbook%20&del=3%20&del=12%20&del=13%20&del=11%20&del=15%20&del=15%20&del=15%20&del=12%20&del=14%20&del=9 | /index.php?id=gbook%20&del=3%20&del=12%20&del=13%20&del=11%20&del=15%20&del=15%20&del=15%20&del=12%20&del=14%20&del=9%20&del=10
1590221923 | index.php?id=gbook%20&del=3%20&del=12%20&del=13%20&del=11%20&del=15%20&del=15%20&del=15%20&del=12%20&del=14%20&del=9 | /index.php?id=gbook%20&del=3%20&del=12%20&del=13%20&del=11%20&del=15%20&del=15%20&del=15%20&del=12%20&del=14%20&del=9%20&del=10
1590221943 | index.php?id=gbook%20&del=3%20&del=12%20&del=13%20&del=11%20&del=15%20&del=15%20&del=15%20&del=12%20&del=14%20&del=9 | /index.php?id=gbook%20&del=3%20&del=12%20&del=13%20&del=11%20&del=15%20&del=15%20&del=15%20&del=12%20&del=14%20&del=9%20&del=10
1590222030 | index.php?id=gbook%20&del=3%20&del=12%20&del=13%20&del=11%20&del=15%20&del=15%20&del=15%20&del=12%20&del=14%20&del=9 | /index.php?id=gbook%20&del=3%20&del=12%20&del=13%20&del=11%20&del=15%20&del=15%20&del=15%20&del=12%20&del=14%20&del=9%20&del=10
1590222030 | index.php?id=gbook%20&del=3%20&del=12%20&del=13%20&del=11%20&del=15%20&del=15%20&del=15%20&del=12%20&del=14%20&del=9 | /index.php?id=gbook%20&del=3%20&del=12%20&del=13%20&del=11%20&del=15%20&del=15%20&del=15%20&del=12%20&del=14%20&del=9%20&del=10
1590222030 | index.php?id=gbook%20&del=3%20&del=12%20&del=13%20&del=11%20&del=15%20&del=15%20&del=15%20&del=12%20&del=14%20&del=9 | /index.php?id=gbook%20&del=3%20&del=12%20&del=13%20&del=11%20&del=15%20&del=15%20&del=15%20&del=12%20&del=14%20&del=9%20&del=10
1590222030 | index.php?id=gbook%20&del=3%20&del=12%20&del=13%20&del=11%20&del=15%20&del=15%20&del=15%20&del=12%20&del=14%20&del=9 | /index.php?id=gbook%20&del=3%20&del=12%20&del=13%20&del=11%20&del=15%20&del=15%20&del=15%20&del=12%20&del=14%20&del=9%20&del=10
1590222031 | index.php?id=gbook%20&del=3%20&del=12%20&del=13%20&del=11%20&del=15%20&del=15%20&del=15%20&del=12%20&del=14%20&del=9 | /index.php?id=gbook%20&del=3%20&del=12%20&del=13%20&del=11%20&del=15%20&del=15%20&del=15%20&del=12%20&del=14%20&del=9%20&del=10
1590222031 | index.php?id=gbook%20&del=3%20&del=12%20&del=13%20&del=11%20&del=15%20&del=15%20&del=15%20&del=12%20&del=14%20&del=9 | /index.php?id=gbook%20&del=3%20&del=12%20&del=13%20&del=11%20&del=15%20&del=15%20&del=15%20&del=12%20&del=14%20&del=9%20&del=10
1590222031 | index.php?id=gbook%20&del=3%20&del=12%20&del=13%20&del=11%20&del=15%20&del=15%20&del=15%20&del=12%20&del=14%20&del=9 | /index.php?id=gbook%20&del=3%20&del=12%20&del=13%20&del=11%20&del=15%20&del=15%20&del=15%20&del=12%20&del=14%20&del=9%20&del=10
1590222031 | index.php?id=gbook%20&del=3%20&del=12%20&del=13%20&del=11%20&del=15%20&del=15%20&del=15%20&del=12%20&del=14%20&del=9 | /index.php?id=gbook%20&del=3%20&del=12%20&del=13%20&del=11%20&del=15%20&del=15%20&del=15%20&del=12%20&del=14%20&del=9%20&del=10
1590222102 | index.php?id=gbook%20&del=3%20&del=12%20&del=13%20&del=11%20&del=15%20&del=15%20&del=15%20&del=12%20&del=14%20&del=9 | /index.php?id=gbook%20&del=3%20&del=12%20&del=13%20&del=11%20&del=15%20&del=15%20&del=15%20&del=12%20&del=14%20&del=9%20&del=10
1590222104 | index.php?id=gbook%20&del=3%20&del=12%20&del=13%20&del=11%20&del=15%20&del=15%20&del=15%20&del=12%20&del=14%20&del=9 | /index.php?id=gbook%20&del=3%20&del=12%20&del=13%20&del=11%20&del=15%20&del=15%20&del=15%20&del=12%20&del=14%20&del=9%20&del=10
1590222105 | index.php?id=gbook%20&del=3%20&del=12%20&del=13%20&del=11%20&del=15%20&del=15%20&del=15%20&del=12%20&del=14%20&del=9 | /index.php?id=gbook%20&del=3%20&del=12%20&del=13%20&del=11%20&del=15%20&del=15%20&del=15%20&del=12%20&del=14%20&del=9%20&del=10
1590222107 | index.php?id=gbook%20&del=3%20&del=12%20&del=13%20&del=11%20&del=15%20&del=15%20&del=15%20&del=12%20&del=14 | /index.php?id=gbook%20&del=3%20&del=12%20&del=13%20&del=11%20&del=15%20&del=15%20&del=15%20&del=12%20&del=14%20&del=9
1590222115 |  | /
1590222116 | moiseenko | /index.php?id=gbook
1590222121 | index.php?id=gbook | /index.php?id=gbook
1590222130 | index.php?id=gbook | /index.php?id=gbook
1590222136 |  | /
1590222138 | moiseenko | /index.php?id=gbook
1590222141 | index.php?id=gbook | /index.php?id=gbook
1590222734 | index.php?id=gbook | /index.php?id=gbook
1590222794 | index.php?id=gbook | /index.php?id=gbook
1590222859 | index.php?id=gbook | /index.php?id=gbook
1590222895 | index.php?id=gbook | /index.php?id=gbook
1590222900 | index.php?id=gbook | /index.php?id=gbook
1590222902 | index.php?id=gbook | /index.php?id=gbook&del=gbook
1590222906 | index.php?id=gbook | /index.php?id=gbook&del=gbook
1590222939 | index.php?id=gbook | /index.php?id=gbook
1590223098 | index.php?id=gbook | /index.php?id=gbook
1590223112 | index.php?id=gbook | /index.php?id=gbook
1590223112 | index.php?id=gbook | /index.php?id=gbook
1590223112 | index.php?id=gbook | /index.php?id=gbook
1590223112 | index.php?id=gbook | /index.php?id=gbook
1590223112 | index.php?id=gbook | /index.php?id=gbook
1590223137 | index.php?id=gbook | /index.php?id=gbook
1590223140 | index.php?id=gbook | /index.php?id=gbook%20&del=gbook
1590223143 | index.php?id=gbook | /index.php?id=gbook%20&del=gbook
1590223238 | index.php?id=gbook | /index.php?id=gbook
1590223397 | index.php?id=gbook | /index.php?id=gbook
1590223401 | index.php?id=gbook | /index.php?id=gbook
1590223419 | index.php?id=gbook | /index.php?id=gbook
1590223487 |  | /index.php?id=gbook
1590223530 |  | /index.php?id=gbook
1590223595 |  | /index.php?id=gbook
1590223596 |  | /index.php?id=gbook
1590223600 |  | /index.php?id=gbook
1590223640 |  | /index.php?id=gbook
1590223640 |  | /index.php?id=gbook
1590223641 |  | /index.php?id=gbook
1590223641 |  | /index.php?id=gbook
1590223645 |  | /
1590223646 | moiseenko | /index.php?id=gbook
1590223648 | moiseenko | /index.php?id=gbook
1590223652 | index.php?id=gbook | /index.php?id=gbook
1590223652 | index.php?id=gbook | /index.php?id=gbook
1590223652 | index.php?id=gbook | /index.php?id=gbook
1590223673 | index.php?id=gbook | /index.php?id=gbook
1590223705 |  | /
1590223708 | moiseenko | /index.php?id=gbook
1590223711 | index.php?id=gbook | /index.php?id=gbook
1590223717 | index.php?id=gbook | /index.php?id=gbook
1590223736 | index.php?id=gbook | /index.php?id=gbook
1590223739 | index.php?id=gbook | /index.php?id=gbook
1590223780 | index.php?id=gbook | /index.php?id=gbook
1590223787 | index.php?id=gbook | /index.php?id=gbook
1590223789 | index.php?id=gbook | /index.php?id=gbook
1590223790 | index.php?id=gbook | /index.php?id=gbook
1590223805 | index.php?id=gbook | /index.php?id=gbook
1590223812 | index.php?id=gbook | /index.php?id=gbook
1590223900 | moiseenko | /index.php?id=gbook
1590223914 | moiseenko | /index.php?id=gbook
1590223925 | moiseenko | /index.php?id=gbook
1590223927 | index.php?id=gbook | /index.php?id=gbook&del=2
1590224042 | index.php?id=gbook | /index.php?id=gbook&del=2
1590224050 | index.php?id=gbook | /index.php?id=gbook&del=2
1590224068 | index.php?id=gbook&del=2 | /index.php?id=gbook&del=2
1590224082 | index.php?id=gbook&del=2 | /index.php?id=gbook&del=2
1590224175 | index.php?id=gbook&del=2 | /index.php?id=gbook&del=2
1590224180 | index.php?id=gbook&del=2 | /index.php?id=gbook&del=7
1590224181 | index.php?id=gbook&del=7 | /index.php?id=gbook&del=6
1590224217 | index.php?id=gbook&del=6 | /index.php?id=gbook&del=6
1590224330 | index.php?id=gbook&del=6 | /index.php?id=gbook&del=6
1590224335 | index.php?id=gbook&del=6 | /index.php?id=gbook&del=9
1590224449 |  | /
1590224450 | moiseenko | /index.php?id=gbook
1590224481 | index.php?id=gbook | /index.php?id=gbook
1590224486 | index.php?id=gbook | /index.php?id=gbook&del=10
1590380506 |  | /
1590381736 |  | /
1590384841 |  | /
1590384856 | add2basket?id=1 | /
